<?xml version="1.0" encoding="UTF-8"?>
<!-- Generated by org.testng.reporters.JUnitXMLReporter -->
<testsuite hostname="russ-mac.local" name="order" tests="4" failures="0" timestamp="30 Dec 2014 02:22:20 GMT" time="0.008" errors="0">
  <testcase name="testFindOrder" time="0.001" classname="com.home.webapp.test.TestOrder"/>
  <testcase name="testMakeEmptyOrder" time="0.001" classname="com.home.webapp.test.TestOrder"/>
  <testcase name="testMakeOrder" time="0.0" classname="com.home.webapp.test.TestOrder"/>
  <testcase name="testUpdateOrder" time="0.0" classname="com.home.webapp.test.TestOrder"/>
</testsuite> <!-- order -->
