<?xml version="1.0" encoding="UTF-8"?>
<testng-results skipped="0" failed="0" total="4" passed="4">
  <reporter-output>
  </reporter-output>
  <suite name="TestAll" duration-ms="8" started-at="2014-12-30T02:22:20Z" finished-at="2014-12-30T02:22:20Z">
    <groups>
      <group name="orderBo">
        <method signature="TestOrder.testFindOrder()[pri:0, instance:com.home.webapp.test.TestOrder@56cbfb61]" name="testFindOrder" class="com.home.webapp.test.TestOrder"/>
        <method signature="TestOrder.testMakeEmptyOrder()[pri:0, instance:com.home.webapp.test.TestOrder@56cbfb61]" name="testMakeEmptyOrder" class="com.home.webapp.test.TestOrder"/>
        <method signature="TestOrder.testMakeOrder()[pri:0, instance:com.home.webapp.test.TestOrder@56cbfb61]" name="testMakeOrder" class="com.home.webapp.test.TestOrder"/>
        <method signature="TestOrder.testUpdateOrder()[pri:0, instance:com.home.webapp.test.TestOrder@56cbfb61]" name="testUpdateOrder" class="com.home.webapp.test.TestOrder"/>
      </group> <!-- orderBo -->
      <group name="save">
        <method signature="TestOrder.testMakeEmptyOrder()[pri:0, instance:com.home.webapp.test.TestOrder@56cbfb61]" name="testMakeEmptyOrder" class="com.home.webapp.test.TestOrder"/>
        <method signature="TestOrder.testMakeOrder()[pri:0, instance:com.home.webapp.test.TestOrder@56cbfb61]" name="testMakeOrder" class="com.home.webapp.test.TestOrder"/>
      </group> <!-- save -->
    </groups>
    <test name="order" duration-ms="8" started-at="2014-12-30T02:22:20Z" finished-at="2014-12-30T02:22:20Z">
      <class name="com.home.webapp.test.TestOrder">
        <test-method status="PASS" signature="testFindOrder()[pri:0, instance:com.home.webapp.test.TestOrder@56cbfb61]" name="testFindOrder" duration-ms="1" started-at="2014-12-29T21:22:20Z" finished-at="2014-12-29T21:22:20Z">
          <reporter-output>
          </reporter-output>
        </test-method> <!-- testFindOrder -->
        <test-method status="PASS" signature="testMakeEmptyOrder()[pri:0, instance:com.home.webapp.test.TestOrder@56cbfb61]" name="testMakeEmptyOrder" duration-ms="1" started-at="2014-12-29T21:22:20Z" finished-at="2014-12-29T21:22:20Z">
          <reporter-output>
          </reporter-output>
        </test-method> <!-- testMakeEmptyOrder -->
        <test-method status="PASS" signature="testMakeOrder()[pri:0, instance:com.home.webapp.test.TestOrder@56cbfb61]" name="testMakeOrder" duration-ms="0" started-at="2014-12-29T21:22:20Z" finished-at="2014-12-29T21:22:20Z">
          <reporter-output>
          </reporter-output>
        </test-method> <!-- testMakeOrder -->
        <test-method status="PASS" signature="testUpdateOrder()[pri:0, instance:com.home.webapp.test.TestOrder@56cbfb61]" name="testUpdateOrder" duration-ms="0" started-at="2014-12-29T21:22:20Z" finished-at="2014-12-29T21:22:20Z">
          <reporter-output>
          </reporter-output>
        </test-method> <!-- testUpdateOrder -->
      </class> <!-- com.home.webapp.test.TestOrder -->
      <class name="com.home.webapp.test.TestConfig">
        <test-method status="PASS" signature="testBeforeSuite()[pri:0, instance:com.home.webapp.test.TestConfig@49e4cb85]" name="testBeforeSuite" is-config="true" duration-ms="6" started-at="2014-12-29T21:22:20Z" finished-at="2014-12-29T21:22:20Z">
          <reporter-output>
          </reporter-output>
        </test-method> <!-- testBeforeSuite -->
        <test-method status="PASS" signature="testBeforeTest()[pri:0, instance:com.home.webapp.test.TestConfig@49e4cb85]" name="testBeforeTest" is-config="true" duration-ms="0" started-at="2014-12-29T21:22:20Z" finished-at="2014-12-29T21:22:20Z">
          <reporter-output>
          </reporter-output>
        </test-method> <!-- testBeforeTest -->
        <test-method status="PASS" signature="testAfterTest()[pri:0, instance:com.home.webapp.test.TestConfig@49e4cb85]" name="testAfterTest" is-config="true" duration-ms="0" started-at="2014-12-29T21:22:20Z" finished-at="2014-12-29T21:22:20Z">
          <reporter-output>
          </reporter-output>
        </test-method> <!-- testAfterTest -->
        <test-method status="PASS" signature="testAfterSuite()[pri:0, instance:com.home.webapp.test.TestConfig@49e4cb85]" name="testAfterSuite" is-config="true" duration-ms="1" started-at="2014-12-29T21:22:20Z" finished-at="2014-12-29T21:22:20Z">
          <reporter-output>
          </reporter-output>
        </test-method> <!-- testAfterSuite -->
      </class> <!-- com.home.webapp.test.TestConfig -->
    </test> <!-- order -->
  </suite> <!-- TestAll -->
</testng-results>
